0 info it worked if it ends with ok
1 verbose cli [ '/usr/local/bin/node',
1 verbose cli   '/usr/local/bin/npm',
1 verbose cli   'install',
1 verbose cli   '-g',
1 verbose cli   'gulp',
1 verbose cli   'cl-' ]
2 info using npm@2.15.1
3 info using node@v4.4.3
4 verbose install initial load of /usr/local/lib/package.json
5 verbose readDependencies loading dependencies from /usr/local/lib/package.json
6 silly cache add args [ 'gulp', null ]
7 verbose cache add spec gulp
8 silly cache add args [ 'cl-', null ]
9 verbose cache add spec cl-
10 silly cache add parsed spec Result {
10 silly cache add   raw: 'gulp',
10 silly cache add   scope: null,
10 silly cache add   name: 'gulp',
10 silly cache add   rawSpec: '',
10 silly cache add   spec: 'latest',
10 silly cache add   type: 'tag' }
11 silly addNamed gulp@latest
12 verbose addNamed "latest" is being treated as a dist-tag for gulp
13 info addNameTag [ 'gulp', 'latest' ]
14 silly mapToRegistry name gulp
15 silly mapToRegistry using default registry
16 silly mapToRegistry registry https://registry.npmjs.org/
17 silly mapToRegistry data Result {
17 silly mapToRegistry   raw: 'gulp',
17 silly mapToRegistry   scope: null,
17 silly mapToRegistry   name: 'gulp',
17 silly mapToRegistry   rawSpec: '',
17 silly mapToRegistry   spec: 'latest',
17 silly mapToRegistry   type: 'tag' }
18 silly mapToRegistry uri https://registry.npmjs.org/gulp
19 verbose addNameTag registry:https://registry.npmjs.org/gulp not in flight; fetching
20 silly cache add parsed spec Result {
20 silly cache add   raw: 'cl-',
20 silly cache add   scope: null,
20 silly cache add   name: 'cl-',
20 silly cache add   rawSpec: '',
20 silly cache add   spec: 'latest',
20 silly cache add   type: 'tag' }
21 silly addNamed cl-@latest
22 verbose addNamed "latest" is being treated as a dist-tag for cl-
23 info addNameTag [ 'cl-', 'latest' ]
24 silly mapToRegistry name cl-
25 silly mapToRegistry using default registry
26 silly mapToRegistry registry https://registry.npmjs.org/
27 silly mapToRegistry data Result {
27 silly mapToRegistry   raw: 'cl-',
27 silly mapToRegistry   scope: null,
27 silly mapToRegistry   name: 'cl-',
27 silly mapToRegistry   rawSpec: '',
27 silly mapToRegistry   spec: 'latest',
27 silly mapToRegistry   type: 'tag' }
28 silly mapToRegistry uri https://registry.npmjs.org/cl-
29 verbose addNameTag registry:https://registry.npmjs.org/cl- not in flight; fetching
30 verbose request uri https://registry.npmjs.org/cl-
31 verbose request no auth needed
32 info attempt registry request try #1 at 5:23:18 PM
33 verbose request id e7bc58e831967bad
34 http request GET https://registry.npmjs.org/cl-
35 verbose request uri https://registry.npmjs.org/gulp
36 verbose request no auth needed
37 info attempt registry request try #1 at 5:23:18 PM
38 verbose etag "3KDVHBW8MKPE03COQRHLAGSVW"
39 http request GET https://registry.npmjs.org/gulp
40 http 304 https://registry.npmjs.org/gulp
41 verbose headers { date: 'Sat, 23 Apr 2016 22:23:19 GMT',
41 verbose headers   via: '1.1 varnish',
41 verbose headers   'cache-control': 'max-age=300',
41 verbose headers   etag: '"3KDVHBW8MKPE03COQRHLAGSVW"',
41 verbose headers   age: '254',
41 verbose headers   connection: 'keep-alive',
41 verbose headers   'x-served-by': 'cache-jfk1023-JFK',
41 verbose headers   'x-cache': 'HIT',
41 verbose headers   'x-cache-hits': '1',
41 verbose headers   'x-timer': 'S1461450199.844542,VS0,VE0',
41 verbose headers   vary: 'Accept-Encoding' }
42 silly get cb [ 304,
42 silly get   { date: 'Sat, 23 Apr 2016 22:23:19 GMT',
42 silly get     via: '1.1 varnish',
42 silly get     'cache-control': 'max-age=300',
42 silly get     etag: '"3KDVHBW8MKPE03COQRHLAGSVW"',
42 silly get     age: '254',
42 silly get     connection: 'keep-alive',
42 silly get     'x-served-by': 'cache-jfk1023-JFK',
42 silly get     'x-cache': 'HIT',
42 silly get     'x-cache-hits': '1',
42 silly get     'x-timer': 'S1461450199.844542,VS0,VE0',
42 silly get     vary: 'Accept-Encoding' } ]
43 verbose etag https://registry.npmjs.org/gulp from cache
44 verbose get saving gulp to /Users/nicolashernandoortizcardenas/.npm/registry.npmjs.org/gulp/.cache.json
45 verbose correctMkdir /Users/nicolashernandoortizcardenas/.npm correctMkdir not in flight; initializing
46 silly addNameTag next cb for gulp with tag latest
47 silly addNamed gulp@3.9.1
48 verbose addNamed "3.9.1" is a plain semver version for gulp
49 silly cache afterAdd gulp@3.9.1
50 verbose afterAdd /Users/nicolashernandoortizcardenas/.npm/gulp/3.9.1/package/package.json not in flight; writing
51 verbose correctMkdir /Users/nicolashernandoortizcardenas/.npm correctMkdir not in flight; initializing
52 verbose afterAdd /Users/nicolashernandoortizcardenas/.npm/gulp/3.9.1/package/package.json written
53 http 404 https://registry.npmjs.org/cl-
54 verbose headers { 'content-type': 'application/json',
54 verbose headers   'cache-control': 'max-age=0',
54 verbose headers   'content-length': '2',
54 verbose headers   'accept-ranges': 'bytes',
54 verbose headers   date: 'Sat, 23 Apr 2016 22:23:20 GMT',
54 verbose headers   via: '1.1 varnish',
54 verbose headers   age: '0',
54 verbose headers   connection: 'keep-alive',
54 verbose headers   'x-served-by': 'cache-jfk1024-JFK',
54 verbose headers   'x-cache': 'MISS',
54 verbose headers   'x-cache-hits': '0',
54 verbose headers   'x-timer': 'S1461450199.844100,VS0,VE399',
54 verbose headers   vary: 'Accept-Encoding' }
55 silly get cb [ 404,
55 silly get   { 'content-type': 'application/json',
55 silly get     'cache-control': 'max-age=0',
55 silly get     'content-length': '2',
55 silly get     'accept-ranges': 'bytes',
55 silly get     date: 'Sat, 23 Apr 2016 22:23:20 GMT',
55 silly get     via: '1.1 varnish',
55 silly get     age: '0',
55 silly get     connection: 'keep-alive',
55 silly get     'x-served-by': 'cache-jfk1024-JFK',
55 silly get     'x-cache': 'MISS',
55 silly get     'x-cache-hits': '0',
55 silly get     'x-timer': 'S1461450199.844100,VS0,VE399',
55 silly get     vary: 'Accept-Encoding' } ]
56 verbose stack Error: Registry returned 404 for GET on https://registry.npmjs.org/cl-
56 verbose stack     at makeError (/usr/local/lib/node_modules/npm/node_modules/npm-registry-client/lib/request.js:264:12)
56 verbose stack     at CachingRegistryClient.<anonymous> (/usr/local/lib/node_modules/npm/node_modules/npm-registry-client/lib/request.js:242:14)
56 verbose stack     at Request._callback (/usr/local/lib/node_modules/npm/node_modules/npm-registry-client/lib/request.js:172:14)
56 verbose stack     at Request.self.callback (/usr/local/lib/node_modules/npm/node_modules/request/request.js:199:22)
56 verbose stack     at emitTwo (events.js:87:13)
56 verbose stack     at Request.emit (events.js:172:7)
56 verbose stack     at Request.<anonymous> (/usr/local/lib/node_modules/npm/node_modules/request/request.js:1036:10)
56 verbose stack     at emitOne (events.js:82:20)
56 verbose stack     at Request.emit (events.js:169:7)
56 verbose stack     at IncomingMessage.<anonymous> (/usr/local/lib/node_modules/npm/node_modules/request/request.js:963:12)
57 verbose statusCode 404
58 verbose pkgid cl-
59 verbose cwd /Users/nicolashernandoortizcardenas/Documents/Fishackathon/fishackathon
60 error Darwin 15.4.0
61 error argv "/usr/local/bin/node" "/usr/local/bin/npm" "install" "-g" "gulp" "cl-"
62 error node v4.4.3
63 error npm  v2.15.1
64 error code E404
65 error 404 Registry returned 404 for GET on https://registry.npmjs.org/cl-
65 error 404
65 error 404 'cl-' is not in the npm registry.
65 error 404 You should bug the author to publish it (or use the name yourself!)
65 error 404
65 error 404 Note that you can also install from a
65 error 404 tarball, folder, http url, or git url.
66 verbose exit [ 1, true ]
